

*******************************************************************************
Thu Dec 27 21:33:58 2018


FIT:    data read from './demo/data/Anscombe.csv' using 1:2
        format = x:z
        #datapoints = 11
        residuals are weighted equally (unit weight)

function used for fitting: a(x)
fitted parameters initialized with current variable values



*******************************************************************************
Thu Dec 27 21:34:16 2018


FIT:    data read from './demo/data/Anscombe.csv' using 1:2
        format = x:z
        #datapoints = 11
        residuals are weighted equally (unit weight)

function used for fitting: f(x)
	f(x) =a*x
fitted parameters initialized with current variable values

iter      chisq       delta/lim  lambda   a            
   0 6.5972700000e+01  0.00e+00 9.54e+00  1.000000e+00
   3 2.4642470230e+01 -9.61e-04 9.54e-03  7.968032e-01

After 3 iterations the fit converged.
final sum of squares of residuals : 24.6425
rel. change during last iteration : -9.6083e-009

degrees of freedom    (FIT_NDF)                        : 10
rms of residuals      (FIT_STDFIT) = sqrt(WSSR/ndf)    : 1.56979
variance of residuals (reduced chisquare) = WSSR/ndf   : 2.46425

Final set of parameters            Asymptotic Standard Error
=======================            ==========================
a               = 0.796803         +/- 0.04962      (6.227%)


*******************************************************************************
Thu Dec 27 21:34:39 2018


FIT:    data read from './demo/data/Anscombe.csv' using 1:2
        format = x:z
        #datapoints = 11
        residuals are weighted equally (unit weight)

function used for fitting: f(x)
	f(x) =a*x
fitted parameters initialized with current variable values

iter      chisq       delta/lim  lambda   a            
   0 6.5972700000e+01  0.00e+00 9.54e+00  1.000000e+00
   3 2.4642470230e+01 -9.61e-04 9.54e-03  7.968032e-01

After 3 iterations the fit converged.
final sum of squares of residuals : 24.6425
rel. change during last iteration : -9.6083e-009

degrees of freedom    (FIT_NDF)                        : 10
rms of residuals      (FIT_STDFIT) = sqrt(WSSR/ndf)    : 1.56979
variance of residuals (reduced chisquare) = WSSR/ndf   : 2.46425

Final set of parameters            Asymptotic Standard Error
=======================            ==========================
a               = 0.796803         +/- 0.04962      (6.227%)


*******************************************************************************
Thu Dec 27 21:35:18 2018


FIT:    data read from './demo/data/Anscombe.csv' using 1:2
        format = x:z
        #datapoints = 11
        residuals are weighted equally (unit weight)

function used for fitting: f(x)
	f(x) =a*x
fitted parameters initialized with current variable values

iter      chisq       delta/lim  lambda   a            
   0 6.5972700000e+01  0.00e+00 9.54e+00  1.000000e+00
   3 2.4642470230e+01 -9.61e-04 9.54e-03  7.968032e-01

After 3 iterations the fit converged.
final sum of squares of residuals : 24.6425
rel. change during last iteration : -9.6083e-009

degrees of freedom    (FIT_NDF)                        : 10
rms of residuals      (FIT_STDFIT) = sqrt(WSSR/ndf)    : 1.56979
variance of residuals (reduced chisquare) = WSSR/ndf   : 2.46425

Final set of parameters            Asymptotic Standard Error
=======================            ==========================
a               = 0.796803         +/- 0.04962      (6.227%)


*******************************************************************************
Thu Dec 27 21:36:01 2018


FIT:    data read from './demo/data/Anscombe.csv' using 1:2
        format = x:z
        x range restricted to [0.00000 : 20.0000]
        #datapoints = 11
        residuals are weighted equally (unit weight)

function used for fitting: f(x)
	f(x) =a*x
fitted parameters initialized with current variable values

iter      chisq       delta/lim  lambda   a            
   0 6.5972700000e+01  0.00e+00 9.54e+00  1.000000e+00
   3 2.4642470230e+01 -9.61e-04 9.54e-03  7.968032e-01

After 3 iterations the fit converged.
final sum of squares of residuals : 24.6425
rel. change during last iteration : -9.6083e-009

degrees of freedom    (FIT_NDF)                        : 10
rms of residuals      (FIT_STDFIT) = sqrt(WSSR/ndf)    : 1.56979
variance of residuals (reduced chisquare) = WSSR/ndf   : 2.46425

Final set of parameters            Asymptotic Standard Error
=======================            ==========================
a               = 0.796803         +/- 0.04962      (6.227%)


*******************************************************************************
Thu Dec 27 21:36:43 2018


FIT:    data read from './demo/data/Anscombe.csv' using 1:2
        format = x:z
        x range restricted to [0.00000 : 20.0000]
        #datapoints = 11
        residuals are weighted equally (unit weight)

function used for fitting: f(x)
	f(x) =a*x
fitted parameters initialized with current variable values

iter      chisq       delta/lim  lambda   a            
   0 6.5972700000e+01  0.00e+00 9.54e+00  1.000000e+00
   3 2.4642470230e+01 -9.61e-04 9.54e-03  7.968032e-01

After 3 iterations the fit converged.
final sum of squares of residuals : 24.6425
rel. change during last iteration : -9.6083e-009

degrees of freedom    (FIT_NDF)                        : 10
rms of residuals      (FIT_STDFIT) = sqrt(WSSR/ndf)    : 1.56979
variance of residuals (reduced chisquare) = WSSR/ndf   : 2.46425

Final set of parameters            Asymptotic Standard Error
=======================            ==========================
a               = 0.796803         +/- 0.04962      (6.227%)


*******************************************************************************
Thu Dec 27 21:37:37 2018


FIT:    data read from './demo/data/Anscombe.csv' using 1:2
        format = x:z
        x range restricted to [0.00000 : 20.0000]
        #datapoints = 11
        residuals are weighted equally (unit weight)

function used for fitting: f(x)
	f(x) =a*x
fitted parameters initialized with current variable values

iter      chisq       delta/lim  lambda   a            
   0 6.5972700000e+01  0.00e+00 9.54e+00  1.000000e+00
   3 2.4642470230e+01 -9.61e-04 9.54e-03  7.968032e-01

After 3 iterations the fit converged.
final sum of squares of residuals : 24.6425
rel. change during last iteration : -9.6083e-009

degrees of freedom    (FIT_NDF)                        : 10
rms of residuals      (FIT_STDFIT) = sqrt(WSSR/ndf)    : 1.56979
variance of residuals (reduced chisquare) = WSSR/ndf   : 2.46425

Final set of parameters            Asymptotic Standard Error
=======================            ==========================
a               = 0.796803         +/- 0.04962      (6.227%)


*******************************************************************************
Thu Dec 27 21:38:06 2018


FIT:    data read from './demo/data/Anscombe.csv' using 1:2
        format = x:z
        x range restricted to [0.00000 : 20.0000]
        #datapoints = 11
        residuals are weighted equally (unit weight)

function used for fitting: f(x)
	f(x) =a*x
fitted parameters initialized with current variable values

iter      chisq       delta/lim  lambda   a            
   0 6.5972700000e+01  0.00e+00 9.54e+00  1.000000e+00
   3 2.4642470230e+01 -9.61e-04 9.54e-03  7.968032e-01

After 3 iterations the fit converged.
final sum of squares of residuals : 24.6425
rel. change during last iteration : -9.6083e-009

degrees of freedom    (FIT_NDF)                        : 10
rms of residuals      (FIT_STDFIT) = sqrt(WSSR/ndf)    : 1.56979
variance of residuals (reduced chisquare) = WSSR/ndf   : 2.46425

Final set of parameters            Asymptotic Standard Error
=======================            ==========================
a               = 0.796803         +/- 0.04962      (6.227%)


*******************************************************************************
Thu Dec 27 21:38:25 2018


FIT:    data read from './demo/data/Anscombe.csv' using 1:2
        format = x:z
        x range restricted to [0.00000 : 20.0000]
        #datapoints = 11
        residuals are weighted equally (unit weight)

function used for fitting: f(x)
	f(x) =a*x
fitted parameters initialized with current variable values

iter      chisq       delta/lim  lambda   a            
   0 6.5972700000e+01  0.00e+00 9.54e+00  1.000000e+00
   3 2.4642470230e+01 -9.61e-04 9.54e-03  7.968032e-01

After 3 iterations the fit converged.
final sum of squares of residuals : 24.6425
rel. change during last iteration : -9.6083e-009

degrees of freedom    (FIT_NDF)                        : 10
rms of residuals      (FIT_STDFIT) = sqrt(WSSR/ndf)    : 1.56979
variance of residuals (reduced chisquare) = WSSR/ndf   : 2.46425

Final set of parameters            Asymptotic Standard Error
=======================            ==========================
a               = 0.796803         +/- 0.04962      (6.227%)


*******************************************************************************
Thu Dec 27 21:40:21 2018


FIT:    data read from './demo/data/Anscombe.csv' using 1:2
        format = x:z
        x range restricted to [0.00000 : 20.0000]
        #datapoints = 11
        residuals are weighted equally (unit weight)

function used for fitting: f(x)
fitted parameters initialized with current variable values



*******************************************************************************
Thu Dec 27 21:42:59 2018


FIT:    data read from './demo/data/Anscombe.csv' using 1:2
        format = x:z
        x range restricted to [0.00000 : 20.0000]
        #datapoints = 11
        residuals are weighted equally (unit weight)

function used for fitting: f(x)
	f(x) =a*x
fitted parameters initialized with current variable values

iter      chisq       delta/lim  lambda   a            
   0 6.5972700000e+01  0.00e+00 9.54e+00  1.000000e+00
   3 2.4642470230e+01 -9.61e-04 9.54e-03  7.968032e-01

After 3 iterations the fit converged.
final sum of squares of residuals : 24.6425
rel. change during last iteration : -9.6083e-009

degrees of freedom    (FIT_NDF)                        : 10
rms of residuals      (FIT_STDFIT) = sqrt(WSSR/ndf)    : 1.56979
variance of residuals (reduced chisquare) = WSSR/ndf   : 2.46425

Final set of parameters            Asymptotic Standard Error
=======================            ==========================
a               = 0.796803         +/- 0.04962      (6.227%)


*******************************************************************************
Thu Dec 27 21:43:29 2018


FIT:    data read from './demo/data/Anscombe.csv' using 1:2
        format = x:z
        x range restricted to [0.00000 : 20.0000]
        #datapoints = 11
        residuals are weighted equally (unit weight)

function used for fitting: f(x)
	f(x) =a*x
fitted parameters initialized with current variable values

iter      chisq       delta/lim  lambda   a            
   0 6.5972700000e+01  0.00e+00 9.54e+00  1.000000e+00
   3 2.4642470230e+01 -9.61e-04 9.54e-03  7.968032e-01

After 3 iterations the fit converged.
final sum of squares of residuals : 24.6425
rel. change during last iteration : -9.6083e-009

degrees of freedom    (FIT_NDF)                        : 10
rms of residuals      (FIT_STDFIT) = sqrt(WSSR/ndf)    : 1.56979
variance of residuals (reduced chisquare) = WSSR/ndf   : 2.46425

Final set of parameters            Asymptotic Standard Error
=======================            ==========================
a               = 0.796803         +/- 0.04962      (6.227%)


*******************************************************************************
Thu Dec 27 21:43:53 2018


FIT:    data read from './demo/data/Anscombe.csv' using 1:2
        format = x:z
        x range restricted to [0.00000 : 20.0000]
        #datapoints = 11
        residuals are weighted equally (unit weight)

function used for fitting: f(x)
	f(x) =a*x
fitted parameters initialized with current variable values

iter      chisq       delta/lim  lambda   a            
   0 6.5972700000e+01  0.00e+00 9.54e+00  1.000000e+00
   3 2.4642470230e+01 -9.61e-04 9.54e-03  7.968032e-01

After 3 iterations the fit converged.
final sum of squares of residuals : 24.6425
rel. change during last iteration : -9.6083e-009

degrees of freedom    (FIT_NDF)                        : 10
rms of residuals      (FIT_STDFIT) = sqrt(WSSR/ndf)    : 1.56979
variance of residuals (reduced chisquare) = WSSR/ndf   : 2.46425

Final set of parameters            Asymptotic Standard Error
=======================            ==========================
a               = 0.796803         +/- 0.04962      (6.227%)


*******************************************************************************
Thu Dec 27 21:44:49 2018


FIT:    data read from './demo/data/Anscombe.csv' using 1:2
        format = x:z
        x range restricted to [0.00000 : 20.0000]
        #datapoints = 11
        residuals are weighted equally (unit weight)

function used for fitting: f(x)
	f(x) =a*x
fitted parameters initialized with current variable values

iter      chisq       delta/lim  lambda   a            
   0 6.5972700000e+01  0.00e+00 9.54e+00  1.000000e+00
   3 2.4642470230e+01 -9.61e-04 9.54e-03  7.968032e-01

After 3 iterations the fit converged.
final sum of squares of residuals : 24.6425
rel. change during last iteration : -9.6083e-009

degrees of freedom    (FIT_NDF)                        : 10
rms of residuals      (FIT_STDFIT) = sqrt(WSSR/ndf)    : 1.56979
variance of residuals (reduced chisquare) = WSSR/ndf   : 2.46425

Final set of parameters            Asymptotic Standard Error
=======================            ==========================
a               = 0.796803         +/- 0.04962      (6.227%)


*******************************************************************************
Thu Dec 27 21:44:49 2018


FIT:    data read from './demo/data/Anscombe.csv' using 3:4
        format = x:z
        x range restricted to [0.00000 : 20.0000]
        #datapoints = 11
        residuals are weighted equally (unit weight)

function used for fitting: f(x)
	f(x) =a*x
fitted parameters initialized with current variable values

iter      chisq       delta/lim  lambda   a            
   0 2.4662006294e+01  0.00e+00 7.60e+00  7.968032e-01
   1 2.4662006194e+01 -4.02e-04 7.60e-01  7.967940e-01

After 1 iterations the fit converged.
final sum of squares of residuals : 24.662
rel. change during last iteration : -4.02275e-009

degrees of freedom    (FIT_NDF)                        : 10
rms of residuals      (FIT_STDFIT) = sqrt(WSSR/ndf)    : 1.57041
variance of residuals (reduced chisquare) = WSSR/ndf   : 2.4662

Final set of parameters            Asymptotic Standard Error
=======================            ==========================
a               = 0.796794         +/- 0.04964      (6.229%)


*******************************************************************************
Thu Dec 27 21:44:49 2018


FIT:    data read from './demo/data/Anscombe.csv' using 5:6
        format = x:z
        x range restricted to [0.00000 : 20.0000]
        #datapoints = 11
        residuals are weighted equally (unit weight)

function used for fitting: f(x)
	f(x) =a*x
fitted parameters initialized with current variable values

iter      chisq       delta/lim  lambda   a            
   0 2.4653136764e+01  0.00e+00 7.60e+00  7.967940e-01
   1 2.4653122279e+01 -5.88e-02 7.60e-01  7.966834e-01

After 1 iterations the fit converged.
final sum of squares of residuals : 24.6531
rel. change during last iteration : -5.87545e-007

degrees of freedom    (FIT_NDF)                        : 10
rms of residuals      (FIT_STDFIT) = sqrt(WSSR/ndf)    : 1.57013
variance of residuals (reduced chisquare) = WSSR/ndf   : 2.46531

Final set of parameters            Asymptotic Standard Error
=======================            ==========================
a               = 0.796683         +/- 0.04963      (6.229%)


*******************************************************************************
Thu Dec 27 21:44:49 2018


FIT:    data read from './demo/data/Anscombe.csv' using 7:8
        format = x:z
        x range restricted to [0.00000 : 20.0000]
        #datapoints = 11
        residuals are weighted equally (unit weight)

function used for fitting: f(x)
	f(x) =a*x
fitted parameters initialized with current variable values

iter      chisq       delta/lim  lambda   a            
   0 2.4634151934e+01  0.00e+00 7.60e+00  7.966834e-01
   1 2.4634142027e+01 -4.02e-02 7.60e-01  7.967749e-01

After 1 iterations the fit converged.
final sum of squares of residuals : 24.6341
rel. change during last iteration : -4.0216e-007

degrees of freedom    (FIT_NDF)                        : 10
rms of residuals      (FIT_STDFIT) = sqrt(WSSR/ndf)    : 1.56953
variance of residuals (reduced chisquare) = WSSR/ndf   : 2.46341

Final set of parameters            Asymptotic Standard Error
=======================            ==========================
a               = 0.796775         +/- 0.04961      (6.226%)


*******************************************************************************
Thu Dec 27 21:45:29 2018


FIT:    data read from './demo/data/Anscombe.csv' using 1:2
        format = x:z
        x range restricted to [0.00000 : 20.0000]
        #datapoints = 11
        residuals are weighted equally (unit weight)

function used for fitting: f(x)
	f(x) =a*x
fitted parameters initialized with current variable values

iter      chisq       delta/lim  lambda   a            
   0 6.5972700000e+01  0.00e+00 9.54e+00  1.000000e+00
   3 2.4642470230e+01 -9.61e-04 9.54e-03  7.968032e-01

After 3 iterations the fit converged.
final sum of squares of residuals : 24.6425
rel. change during last iteration : -9.6083e-009

degrees of freedom    (FIT_NDF)                        : 10
rms of residuals      (FIT_STDFIT) = sqrt(WSSR/ndf)    : 1.56979
variance of residuals (reduced chisquare) = WSSR/ndf   : 2.46425

Final set of parameters            Asymptotic Standard Error
=======================            ==========================
a               = 0.796803         +/- 0.04962      (6.227%)


*******************************************************************************
Thu Dec 27 21:45:29 2018


FIT:    data read from './demo/data/Anscombe.csv' using 3:4
        format = x:z
        x range restricted to [0.00000 : 20.0000]
        #datapoints = 11
        residuals are weighted equally (unit weight)

function used for fitting: f(x)
	f(x) =a*x
fitted parameters initialized with current variable values

iter      chisq       delta/lim  lambda   a            
   0 2.4662006294e+01  0.00e+00 7.60e+00  7.968032e-01
   1 2.4662006194e+01 -4.02e-04 7.60e-01  7.967940e-01

After 1 iterations the fit converged.
final sum of squares of residuals : 24.662
rel. change during last iteration : -4.02275e-009

degrees of freedom    (FIT_NDF)                        : 10
rms of residuals      (FIT_STDFIT) = sqrt(WSSR/ndf)    : 1.57041
variance of residuals (reduced chisquare) = WSSR/ndf   : 2.4662

Final set of parameters            Asymptotic Standard Error
=======================            ==========================
a               = 0.796794         +/- 0.04964      (6.229%)


*******************************************************************************
Thu Dec 27 21:45:29 2018


FIT:    data read from './demo/data/Anscombe.csv' using 5:6
        format = x:z
        x range restricted to [0.00000 : 20.0000]
        #datapoints = 11
        residuals are weighted equally (unit weight)

function used for fitting: f(x)
	f(x) =a*x
fitted parameters initialized with current variable values

iter      chisq       delta/lim  lambda   a            
   0 2.4653136764e+01  0.00e+00 7.60e+00  7.967940e-01
   1 2.4653122279e+01 -5.88e-02 7.60e-01  7.966834e-01

After 1 iterations the fit converged.
final sum of squares of residuals : 24.6531
rel. change during last iteration : -5.87545e-007

degrees of freedom    (FIT_NDF)                        : 10
rms of residuals      (FIT_STDFIT) = sqrt(WSSR/ndf)    : 1.57013
variance of residuals (reduced chisquare) = WSSR/ndf   : 2.46531

Final set of parameters            Asymptotic Standard Error
=======================            ==========================
a               = 0.796683         +/- 0.04963      (6.229%)


*******************************************************************************
Thu Dec 27 21:45:29 2018


FIT:    data read from './demo/data/Anscombe.csv' using 7:8
        format = x:z
        x range restricted to [0.00000 : 20.0000]
        #datapoints = 11
        residuals are weighted equally (unit weight)

function used for fitting: f(x)
	f(x) =a*x
fitted parameters initialized with current variable values

iter      chisq       delta/lim  lambda   a            
   0 2.4634151934e+01  0.00e+00 7.60e+00  7.966834e-01
   1 2.4634142027e+01 -4.02e-02 7.60e-01  7.967749e-01

After 1 iterations the fit converged.
final sum of squares of residuals : 24.6341
rel. change during last iteration : -4.0216e-007

degrees of freedom    (FIT_NDF)                        : 10
rms of residuals      (FIT_STDFIT) = sqrt(WSSR/ndf)    : 1.56953
variance of residuals (reduced chisquare) = WSSR/ndf   : 2.46341

Final set of parameters            Asymptotic Standard Error
=======================            ==========================
a               = 0.796775         +/- 0.04961      (6.226%)


*******************************************************************************
Thu Dec 27 21:46:14 2018


FIT:    data read from './demo/data/Anscombe.csv' using 1:2
        format = x:z
        x range restricted to [0.00000 : 20.0000]
        #datapoints = 11
        residuals are weighted equally (unit weight)

function used for fitting: f(x)
	f(x) =a*x+b
fitted parameters initialized with current variable values



*******************************************************************************
Thu Dec 27 21:46:35 2018


FIT:    data read from './demo/data/Anscombe.csv' using 1:2
        format = x:z
        x range restricted to [0.00000 : 20.0000]
        #datapoints = 11
        residuals are weighted equally (unit weight)

function used for fitting: f(x)
	f(x) =a*x+b
fitted parameters initialized with current variable values

iter      chisq       delta/lim  lambda   a             b            
   0 1.0995270000e+02  0.00e+00 6.78e+00  1.000000e+00  1.000000e+00
   4 1.3762690000e+01 -3.88e-02 6.78e-04  5.000909e-01  3.000091e+00

After 4 iterations the fit converged.
final sum of squares of residuals : 13.7627
rel. change during last iteration : -3.88132e-007

degrees of freedom    (FIT_NDF)                        : 9
rms of residuals      (FIT_STDFIT) = sqrt(WSSR/ndf)    : 1.2366
variance of residuals (reduced chisquare) = WSSR/ndf   : 1.52919

Final set of parameters            Asymptotic Standard Error
=======================            ==========================
a               = 0.500091         +/- 0.1179       (23.58%)
b               = 3.00009          +/- 1.125        (37.49%)

correlation matrix of the fit parameters:
                a      b      
a               1.000 
b              -0.943  1.000 


*******************************************************************************
Thu Dec 27 21:46:35 2018


FIT:    data read from './demo/data/Anscombe.csv' using 3:4
        format = x:z
        x range restricted to [0.00000 : 20.0000]
        #datapoints = 11
        residuals are weighted equally (unit weight)

function used for fitting: f(x)
	f(x) =a*x+b
fitted parameters initialized with current variable values

iter      chisq       delta/lim  lambda   a             b            
   0 1.3776291818e+01  0.00e+00 3.98e+00  5.000909e-01  3.000091e+00
   1 1.3776291288e+01 -3.85e-03 3.98e-01  5.000572e-01  3.000352e+00

After 1 iterations the fit converged.
final sum of squares of residuals : 13.7763
rel. change during last iteration : -3.84678e-008

degrees of freedom    (FIT_NDF)                        : 9
rms of residuals      (FIT_STDFIT) = sqrt(WSSR/ndf)    : 1.23721
variance of residuals (reduced chisquare) = WSSR/ndf   : 1.5307

Final set of parameters            Asymptotic Standard Error
=======================            ==========================
a               = 0.500057         +/- 0.118        (23.59%)
b               = 3.00035          +/- 1.125        (37.51%)

correlation matrix of the fit parameters:
                a      b      
a               1.000 
b              -0.943  1.000 


*******************************************************************************
Thu Dec 27 21:46:35 2018


FIT:    data read from './demo/data/Anscombe.csv' using 5:6
        format = x:z
        x range restricted to [0.00000 : 20.0000]
        #datapoints = 11
        residuals are weighted equally (unit weight)

function used for fitting: f(x)
	f(x) =a*x+b
fitted parameters initialized with current variable values

iter      chisq       delta/lim  lambda   a             b            
   0 1.3756212064e+01  0.00e+00 3.98e+00  5.000572e-01  3.000352e+00
   1 1.3756194982e+01 -1.24e-01 3.98e-01  4.998949e-01  3.000864e+00

After 1 iterations the fit converged.
final sum of squares of residuals : 13.7562
rel. change during last iteration : -1.24177e-006

degrees of freedom    (FIT_NDF)                        : 9
rms of residuals      (FIT_STDFIT) = sqrt(WSSR/ndf)    : 1.23631
variance of residuals (reduced chisquare) = WSSR/ndf   : 1.52847

Final set of parameters            Asymptotic Standard Error
=======================            ==========================
a               = 0.499895         +/- 0.1179       (23.58%)
b               = 3.00086          +/- 1.124        (37.47%)

correlation matrix of the fit parameters:
                a      b      
a               1.000 
b              -0.943  1.000 


*******************************************************************************
Thu Dec 27 21:47:11 2018


FIT:    data read from './demo/data/Anscombe.csv' using 1:2
        format = x:z
        x range restricted to [0.00000 : 20.0000]
        #datapoints = 11
        residuals are weighted equally (unit weight)

function used for fitting: f(x)
	f(x) =a*x+b
fitted parameters initialized with current variable values

iter      chisq       delta/lim  lambda   a             b            
   0 1.0995270000e+02  0.00e+00 6.78e+00  1.000000e+00  1.000000e+00
   4 1.3762690000e+01 -3.88e-02 6.78e-04  5.000909e-01  3.000091e+00

After 4 iterations the fit converged.
final sum of squares of residuals : 13.7627
rel. change during last iteration : -3.88132e-007

degrees of freedom    (FIT_NDF)                        : 9
rms of residuals      (FIT_STDFIT) = sqrt(WSSR/ndf)    : 1.2366
variance of residuals (reduced chisquare) = WSSR/ndf   : 1.52919

Final set of parameters            Asymptotic Standard Error
=======================            ==========================
a               = 0.500091         +/- 0.1179       (23.58%)
b               = 3.00009          +/- 1.125        (37.49%)

correlation matrix of the fit parameters:
                a      b      
a               1.000 
b              -0.943  1.000 


*******************************************************************************
Thu Dec 27 21:47:11 2018


FIT:    data read from './demo/data/Anscombe.csv' using 3:4
        format = x:z
        x range restricted to [0.00000 : 20.0000]
        #datapoints = 11
        residuals are weighted equally (unit weight)

function used for fitting: f(x)
	f(x) =a*x+b
fitted parameters initialized with current variable values

iter      chisq       delta/lim  lambda   a             b            
   0 1.3776291818e+01  0.00e+00 3.98e+00  5.000909e-01  3.000091e+00
   1 1.3776291288e+01 -3.85e-03 3.98e-01  5.000572e-01  3.000352e+00

After 1 iterations the fit converged.
final sum of squares of residuals : 13.7763
rel. change during last iteration : -3.84678e-008

degrees of freedom    (FIT_NDF)                        : 9
rms of residuals      (FIT_STDFIT) = sqrt(WSSR/ndf)    : 1.23721
variance of residuals (reduced chisquare) = WSSR/ndf   : 1.5307

Final set of parameters            Asymptotic Standard Error
=======================            ==========================
a               = 0.500057         +/- 0.118        (23.59%)
b               = 3.00035          +/- 1.125        (37.51%)

correlation matrix of the fit parameters:
                a      b      
a               1.000 
b              -0.943  1.000 


*******************************************************************************
Thu Dec 27 21:47:11 2018


FIT:    data read from './demo/data/Anscombe.csv' using 5:6
        format = x:z
        x range restricted to [0.00000 : 20.0000]
        #datapoints = 11
        residuals are weighted equally (unit weight)

function used for fitting: f(x)
	f(x) =a*x+b
fitted parameters initialized with current variable values

iter      chisq       delta/lim  lambda   a             b            
   0 1.3756212064e+01  0.00e+00 3.98e+00  5.000572e-01  3.000352e+00
   1 1.3756194982e+01 -1.24e-01 3.98e-01  4.998949e-01  3.000864e+00

After 1 iterations the fit converged.
final sum of squares of residuals : 13.7562
rel. change during last iteration : -1.24177e-006

degrees of freedom    (FIT_NDF)                        : 9
rms of residuals      (FIT_STDFIT) = sqrt(WSSR/ndf)    : 1.23631
variance of residuals (reduced chisquare) = WSSR/ndf   : 1.52847

Final set of parameters            Asymptotic Standard Error
=======================            ==========================
a               = 0.499895         +/- 0.1179       (23.58%)
b               = 3.00086          +/- 1.124        (37.47%)

correlation matrix of the fit parameters:
                a      b      
a               1.000 
b              -0.943  1.000 


*******************************************************************************
Thu Dec 27 21:48:04 2018


FIT:    data read from './demo/data/Anscombe.csv' using 1:2
        format = x:z
        x range restricted to [0.00000 : 20.0000]
        #datapoints = 11
        residuals are weighted equally (unit weight)

function used for fitting: f(x)
	f(x) =a*x+b
fitted parameters initialized with current variable values

iter      chisq       delta/lim  lambda   a             b            
   0 1.0995270000e+02  0.00e+00 6.78e+00  1.000000e+00  1.000000e+00
   4 1.3762690000e+01 -3.88e-02 6.78e-04  5.000909e-01  3.000091e+00

After 4 iterations the fit converged.
final sum of squares of residuals : 13.7627
rel. change during last iteration : -3.88132e-007

degrees of freedom    (FIT_NDF)                        : 9
rms of residuals      (FIT_STDFIT) = sqrt(WSSR/ndf)    : 1.2366
variance of residuals (reduced chisquare) = WSSR/ndf   : 1.52919

Final set of parameters            Asymptotic Standard Error
=======================            ==========================
a               = 0.500091         +/- 0.1179       (23.58%)
b               = 3.00009          +/- 1.125        (37.49%)

correlation matrix of the fit parameters:
                a      b      
a               1.000 
b              -0.943  1.000 


*******************************************************************************
Thu Dec 27 21:48:04 2018


FIT:    data read from './demo/data/Anscombe.csv' using 3:4
        format = x:z
        x range restricted to [0.00000 : 20.0000]
        #datapoints = 11
        residuals are weighted equally (unit weight)

function used for fitting: f(x)
	f(x) =a*x+b
fitted parameters initialized with current variable values

iter      chisq       delta/lim  lambda   a             b            
   0 1.3776291818e+01  0.00e+00 3.98e+00  5.000909e-01  3.000091e+00
   1 1.3776291288e+01 -3.85e-03 3.98e-01  5.000572e-01  3.000352e+00

After 1 iterations the fit converged.
final sum of squares of residuals : 13.7763
rel. change during last iteration : -3.84678e-008

degrees of freedom    (FIT_NDF)                        : 9
rms of residuals      (FIT_STDFIT) = sqrt(WSSR/ndf)    : 1.23721
variance of residuals (reduced chisquare) = WSSR/ndf   : 1.5307

Final set of parameters            Asymptotic Standard Error
=======================            ==========================
a               = 0.500057         +/- 0.118        (23.59%)
b               = 3.00035          +/- 1.125        (37.51%)

correlation matrix of the fit parameters:
                a      b      
a               1.000 
b              -0.943  1.000 


*******************************************************************************
Thu Dec 27 21:48:04 2018


FIT:    data read from './demo/data/Anscombe.csv' using 5:6
        format = x:z
        x range restricted to [0.00000 : 20.0000]
        #datapoints = 11
        residuals are weighted equally (unit weight)

function used for fitting: f(x)
	f(x) =a*x+b
fitted parameters initialized with current variable values

iter      chisq       delta/lim  lambda   a             b            
   0 1.3756212064e+01  0.00e+00 3.98e+00  5.000572e-01  3.000352e+00
   1 1.3756194982e+01 -1.24e-01 3.98e-01  4.998949e-01  3.000864e+00

After 1 iterations the fit converged.
final sum of squares of residuals : 13.7562
rel. change during last iteration : -1.24177e-006

degrees of freedom    (FIT_NDF)                        : 9
rms of residuals      (FIT_STDFIT) = sqrt(WSSR/ndf)    : 1.23631
variance of residuals (reduced chisquare) = WSSR/ndf   : 1.52847

Final set of parameters            Asymptotic Standard Error
=======================            ==========================
a               = 0.499895         +/- 0.1179       (23.58%)
b               = 3.00086          +/- 1.124        (37.47%)

correlation matrix of the fit parameters:
                a      b      
a               1.000 
b              -0.943  1.000 


*******************************************************************************
Thu Dec 27 21:48:04 2018


FIT:    data read from './demo/data/Anscombe.csv' using 7:8
        format = x:z
        x range restricted to [0.00000 : 20.0000]
        #datapoints = 11
        residuals are weighted equally (unit weight)

function used for fitting: f(x)
	f(x) =a*x+b
fitted parameters initialized with current variable values

iter      chisq       delta/lim  lambda   a            
   0 1.3742527888e+01  0.00e+00 4.77e+00  4.998949e-01
   1 1.3742493844e+01 -2.48e-01 4.77e-01  5.000645e-01

After 1 iterations the fit converged.
final sum of squares of residuals : 13.7425
rel. change during last iteration : -2.47722e-006

degrees of freedom    (FIT_NDF)                        : 10
rms of residuals      (FIT_STDFIT) = sqrt(WSSR/ndf)    : 1.17228
variance of residuals (reduced chisquare) = WSSR/ndf   : 1.37425

Final set of parameters            Asymptotic Standard Error
=======================            ==========================
a               = 0.500064         +/- 0.03705      (7.41%)


*******************************************************************************
Thu Dec 27 21:52:57 2018


FIT:    data read from './demo/data/Anscombe.csv' using 1:2
        format = x:z
        x range restricted to [0.00000 : 20.0000]
        #datapoints = 11
        residuals are weighted equally (unit weight)

function used for fitting: f(x)
	f(x) =a*x+b
fitted parameters initialized with current variable values

iter      chisq       delta/lim  lambda   a             b            
   0 1.0995270000e+02  0.00e+00 6.78e+00  1.000000e+00  1.000000e+00
   4 1.3762690000e+01 -3.88e-02 6.78e-04  5.000909e-01  3.000091e+00

After 4 iterations the fit converged.
final sum of squares of residuals : 13.7627
rel. change during last iteration : -3.88132e-007

degrees of freedom    (FIT_NDF)                        : 9
rms of residuals      (FIT_STDFIT) = sqrt(WSSR/ndf)    : 1.2366
variance of residuals (reduced chisquare) = WSSR/ndf   : 1.52919

Final set of parameters            Asymptotic Standard Error
=======================            ==========================
a               = 0.500091         +/- 0.1179       (23.58%)
b               = 3.00009          +/- 1.125        (37.49%)

correlation matrix of the fit parameters:
                a      b      
a               1.000 
b              -0.943  1.000 


*******************************************************************************
Thu Dec 27 21:52:57 2018


FIT:    data read from './demo/data/Anscombe.csv' using 3:4
        format = x:z
        x range restricted to [0.00000 : 20.0000]
        #datapoints = 11
        residuals are weighted equally (unit weight)

function used for fitting: f(x)
	f(x) =a*x+b
fitted parameters initialized with current variable values

iter      chisq       delta/lim  lambda   a             b            
   0 1.3776291818e+01  0.00e+00 3.98e+00  5.000909e-01  3.000091e+00
   1 1.3776291288e+01 -3.85e-03 3.98e-01  5.000572e-01  3.000352e+00

After 1 iterations the fit converged.
final sum of squares of residuals : 13.7763
rel. change during last iteration : -3.84678e-008

degrees of freedom    (FIT_NDF)                        : 9
rms of residuals      (FIT_STDFIT) = sqrt(WSSR/ndf)    : 1.23721
variance of residuals (reduced chisquare) = WSSR/ndf   : 1.5307

Final set of parameters            Asymptotic Standard Error
=======================            ==========================
a               = 0.500057         +/- 0.118        (23.59%)
b               = 3.00035          +/- 1.125        (37.51%)

correlation matrix of the fit parameters:
                a      b      
a               1.000 
b              -0.943  1.000 


*******************************************************************************
Thu Dec 27 21:52:57 2018


FIT:    data read from './demo/data/Anscombe.csv' using 5:6
        format = x:z
        x range restricted to [0.00000 : 20.0000]
        #datapoints = 11
        residuals are weighted equally (unit weight)

function used for fitting: f(x)
	f(x) =a*x+b
fitted parameters initialized with current variable values

iter      chisq       delta/lim  lambda   a             b            
   0 1.3756212064e+01  0.00e+00 3.98e+00  5.000572e-01  3.000352e+00
   1 1.3756194982e+01 -1.24e-01 3.98e-01  4.998949e-01  3.000864e+00

After 1 iterations the fit converged.
final sum of squares of residuals : 13.7562
rel. change during last iteration : -1.24177e-006

degrees of freedom    (FIT_NDF)                        : 9
rms of residuals      (FIT_STDFIT) = sqrt(WSSR/ndf)    : 1.23631
variance of residuals (reduced chisquare) = WSSR/ndf   : 1.52847

Final set of parameters            Asymptotic Standard Error
=======================            ==========================
a               = 0.499895         +/- 0.1179       (23.58%)
b               = 3.00086          +/- 1.124        (37.47%)

correlation matrix of the fit parameters:
                a      b      
a               1.000 
b              -0.943  1.000 


*******************************************************************************
Thu Dec 27 21:52:57 2018


FIT:    data read from './demo/data/Anscombe.csv' using 7:8
        format = x:z
        x range restricted to [0.00000 : 20.0000]
        #datapoints = 11
        residuals are weighted equally (unit weight)

function used for fitting: f(x)
	f(x) =a*x+b
fitted parameters initialized with current variable values

iter      chisq       delta/lim  lambda   a            
   0 1.3742527888e+01  0.00e+00 4.77e+00  4.998949e-01
   1 1.3742493844e+01 -2.48e-01 4.77e-01  5.000645e-01

After 1 iterations the fit converged.
final sum of squares of residuals : 13.7425
rel. change during last iteration : -2.47722e-006

degrees of freedom    (FIT_NDF)                        : 10
rms of residuals      (FIT_STDFIT) = sqrt(WSSR/ndf)    : 1.17228
variance of residuals (reduced chisquare) = WSSR/ndf   : 1.37425

Final set of parameters            Asymptotic Standard Error
=======================            ==========================
a               = 0.500064         +/- 0.03705      (7.41%)


*******************************************************************************
Thu Dec 27 21:53:16 2018


FIT:    data read from './demo/data/Anscombe.csv' using 1:2
        format = x:z
        x range restricted to [0.00000 : 20.0000]
        #datapoints = 11
        residuals are weighted equally (unit weight)

function used for fitting: f(x)
	f(x) =a*x+b
fitted parameters initialized with current variable values

iter      chisq       delta/lim  lambda   a             b            
   0 1.0995270000e+02  0.00e+00 6.78e+00  1.000000e+00  1.000000e+00
   4 1.3762690000e+01 -3.88e-02 6.78e-04  5.000909e-01  3.000091e+00

After 4 iterations the fit converged.
final sum of squares of residuals : 13.7627
rel. change during last iteration : -3.88132e-007

degrees of freedom    (FIT_NDF)                        : 9
rms of residuals      (FIT_STDFIT) = sqrt(WSSR/ndf)    : 1.2366
variance of residuals (reduced chisquare) = WSSR/ndf   : 1.52919

Final set of parameters            Asymptotic Standard Error
=======================            ==========================
a               = 0.500091         +/- 0.1179       (23.58%)
b               = 3.00009          +/- 1.125        (37.49%)

correlation matrix of the fit parameters:
                a      b      
a               1.000 
b              -0.943  1.000 


*******************************************************************************
Thu Dec 27 21:53:16 2018


FIT:    data read from './demo/data/Anscombe.csv' using 3:4
        format = x:z
        x range restricted to [0.00000 : 20.0000]
        #datapoints = 11
        residuals are weighted equally (unit weight)

function used for fitting: f(x)
	f(x) =a*x+b
fitted parameters initialized with current variable values

iter      chisq       delta/lim  lambda   a             b            
   0 1.3776291818e+01  0.00e+00 3.98e+00  5.000909e-01  3.000091e+00
   1 1.3776291288e+01 -3.85e-03 3.98e-01  5.000572e-01  3.000352e+00

After 1 iterations the fit converged.
final sum of squares of residuals : 13.7763
rel. change during last iteration : -3.84678e-008

degrees of freedom    (FIT_NDF)                        : 9
rms of residuals      (FIT_STDFIT) = sqrt(WSSR/ndf)    : 1.23721
variance of residuals (reduced chisquare) = WSSR/ndf   : 1.5307

Final set of parameters            Asymptotic Standard Error
=======================            ==========================
a               = 0.500057         +/- 0.118        (23.59%)
b               = 3.00035          +/- 1.125        (37.51%)

correlation matrix of the fit parameters:
                a      b      
a               1.000 
b              -0.943  1.000 


*******************************************************************************
Thu Dec 27 21:53:16 2018


FIT:    data read from './demo/data/Anscombe.csv' using 5:6
        format = x:z
        x range restricted to [0.00000 : 20.0000]
        #datapoints = 11
        residuals are weighted equally (unit weight)

function used for fitting: f(x)
	f(x) =a*x+b
fitted parameters initialized with current variable values

iter      chisq       delta/lim  lambda   a             b            
   0 1.3756212064e+01  0.00e+00 3.98e+00  5.000572e-01  3.000352e+00
   1 1.3756194982e+01 -1.24e-01 3.98e-01  4.998949e-01  3.000864e+00

After 1 iterations the fit converged.
final sum of squares of residuals : 13.7562
rel. change during last iteration : -1.24177e-006

degrees of freedom    (FIT_NDF)                        : 9
rms of residuals      (FIT_STDFIT) = sqrt(WSSR/ndf)    : 1.23631
variance of residuals (reduced chisquare) = WSSR/ndf   : 1.52847

Final set of parameters            Asymptotic Standard Error
=======================            ==========================
a               = 0.499895         +/- 0.1179       (23.58%)
b               = 3.00086          +/- 1.124        (37.47%)

correlation matrix of the fit parameters:
                a      b      
a               1.000 
b              -0.943  1.000 


*******************************************************************************
Thu Dec 27 21:53:16 2018


FIT:    data read from './demo/data/Anscombe.csv' using 7:8
        format = x:z
        x range restricted to [0.00000 : 20.0000]
        #datapoints = 11
        residuals are weighted equally (unit weight)

function used for fitting: f(x)
	f(x) =a*x+b
fitted parameters initialized with current variable values

iter      chisq       delta/lim  lambda   a            
   0 1.3742527888e+01  0.00e+00 4.77e+00  4.998949e-01
   1 1.3742493844e+01 -2.48e-01 4.77e-01  5.000645e-01

After 1 iterations the fit converged.
final sum of squares of residuals : 13.7425
rel. change during last iteration : -2.47722e-006

degrees of freedom    (FIT_NDF)                        : 10
rms of residuals      (FIT_STDFIT) = sqrt(WSSR/ndf)    : 1.17228
variance of residuals (reduced chisquare) = WSSR/ndf   : 1.37425

Final set of parameters            Asymptotic Standard Error
=======================            ==========================
a               = 0.500064         +/- 0.03705      (7.41%)


*******************************************************************************
Thu Dec 27 21:54:14 2018


FIT:    data read from './demo/data/Anscombe.csv' using 1:2
        format = x:z
        x range restricted to [0.00000 : 20.0000]
        #datapoints = 11
        residuals are weighted equally (unit weight)

function used for fitting: f(x)
	f(x) =a*x+b
fitted parameters initialized with current variable values

iter      chisq       delta/lim  lambda   a             b            
   0 1.0995270000e+02  0.00e+00 6.78e+00  1.000000e+00  1.000000e+00
   4 1.3762690000e+01 -3.88e-02 6.78e-04  5.000909e-01  3.000091e+00

After 4 iterations the fit converged.
final sum of squares of residuals : 13.7627
rel. change during last iteration : -3.88132e-007

degrees of freedom    (FIT_NDF)                        : 9
rms of residuals      (FIT_STDFIT) = sqrt(WSSR/ndf)    : 1.2366
variance of residuals (reduced chisquare) = WSSR/ndf   : 1.52919

Final set of parameters            Asymptotic Standard Error
=======================            ==========================
a               = 0.500091         +/- 0.1179       (23.58%)
b               = 3.00009          +/- 1.125        (37.49%)

correlation matrix of the fit parameters:
                a      b      
a               1.000 
b              -0.943  1.000 


*******************************************************************************
Thu Dec 27 21:54:14 2018


FIT:    data read from './demo/data/Anscombe.csv' using 3:4
        format = x:z
        x range restricted to [0.00000 : 20.0000]
        #datapoints = 11
        residuals are weighted equally (unit weight)

function used for fitting: f(x)
	f(x) =a*x+b
fitted parameters initialized with current variable values

iter      chisq       delta/lim  lambda   a             b            
   0 1.3776291818e+01  0.00e+00 3.98e+00  5.000909e-01  3.000091e+00
   1 1.3776291288e+01 -3.85e-03 3.98e-01  5.000572e-01  3.000352e+00

After 1 iterations the fit converged.
final sum of squares of residuals : 13.7763
rel. change during last iteration : -3.84678e-008

degrees of freedom    (FIT_NDF)                        : 9
rms of residuals      (FIT_STDFIT) = sqrt(WSSR/ndf)    : 1.23721
variance of residuals (reduced chisquare) = WSSR/ndf   : 1.5307

Final set of parameters            Asymptotic Standard Error
=======================            ==========================
a               = 0.500057         +/- 0.118        (23.59%)
b               = 3.00035          +/- 1.125        (37.51%)

correlation matrix of the fit parameters:
                a      b      
a               1.000 
b              -0.943  1.000 


*******************************************************************************
Thu Dec 27 21:54:14 2018


FIT:    data read from './demo/data/Anscombe.csv' using 5:6
        format = x:z
        x range restricted to [0.00000 : 20.0000]
        #datapoints = 11
        residuals are weighted equally (unit weight)

function used for fitting: f(x)
	f(x) =a*x+b
fitted parameters initialized with current variable values

iter      chisq       delta/lim  lambda   a             b            
   0 1.3756212064e+01  0.00e+00 3.98e+00  5.000572e-01  3.000352e+00
   1 1.3756194982e+01 -1.24e-01 3.98e-01  4.998949e-01  3.000864e+00

After 1 iterations the fit converged.
final sum of squares of residuals : 13.7562
rel. change during last iteration : -1.24177e-006

degrees of freedom    (FIT_NDF)                        : 9
rms of residuals      (FIT_STDFIT) = sqrt(WSSR/ndf)    : 1.23631
variance of residuals (reduced chisquare) = WSSR/ndf   : 1.52847

Final set of parameters            Asymptotic Standard Error
=======================            ==========================
a               = 0.499895         +/- 0.1179       (23.58%)
b               = 3.00086          +/- 1.124        (37.47%)

correlation matrix of the fit parameters:
                a      b      
a               1.000 
b              -0.943  1.000 


*******************************************************************************
Thu Dec 27 21:54:14 2018


FIT:    data read from './demo/data/Anscombe.csv' using 7:8
        format = x:z
        x range restricted to [0.00000 : 20.0000]
        #datapoints = 11
        residuals are weighted equally (unit weight)

function used for fitting: f(x)
	f(x) =a*x+b
fitted parameters initialized with current variable values

iter      chisq       delta/lim  lambda   a            
   0 1.3742527888e+01  0.00e+00 4.77e+00  4.998949e-01
   1 1.3742493844e+01 -2.48e-01 4.77e-01  5.000645e-01

After 1 iterations the fit converged.
final sum of squares of residuals : 13.7425
rel. change during last iteration : -2.47722e-006

degrees of freedom    (FIT_NDF)                        : 10
rms of residuals      (FIT_STDFIT) = sqrt(WSSR/ndf)    : 1.17228
variance of residuals (reduced chisquare) = WSSR/ndf   : 1.37425

Final set of parameters            Asymptotic Standard Error
=======================            ==========================
a               = 0.500064         +/- 0.03705      (7.41%)


*******************************************************************************
Thu Dec 27 21:56:26 2018


FIT:    data read from './demo/data/Anscombe.csv' using 1:2
        format = x:z
        x range restricted to [0.00000 : 20.0000]
        #datapoints = 11
        residuals are weighted equally (unit weight)

function used for fitting: f(x)
	f(x) =a*x+b
fitted parameters initialized with current variable values

iter      chisq       delta/lim  lambda   a             b            
   0 1.0995270000e+02  0.00e+00 6.78e+00  1.000000e+00  1.000000e+00
   4 1.3762690000e+01 -3.88e-02 6.78e-04  5.000909e-01  3.000091e+00

After 4 iterations the fit converged.
final sum of squares of residuals : 13.7627
rel. change during last iteration : -3.88132e-007

degrees of freedom    (FIT_NDF)                        : 9
rms of residuals      (FIT_STDFIT) = sqrt(WSSR/ndf)    : 1.2366
variance of residuals (reduced chisquare) = WSSR/ndf   : 1.52919

Final set of parameters            Asymptotic Standard Error
=======================            ==========================
a               = 0.500091         +/- 0.1179       (23.58%)
b               = 3.00009          +/- 1.125        (37.49%)

correlation matrix of the fit parameters:
                a      b      
a               1.000 
b              -0.943  1.000 


*******************************************************************************
Thu Dec 27 21:56:26 2018


FIT:    data read from './demo/data/Anscombe.csv' using 3:4
        format = x:z
        x range restricted to [0.00000 : 20.0000]
        #datapoints = 11
        residuals are weighted equally (unit weight)

function used for fitting: f(x)
	f(x) =a*x+b
fitted parameters initialized with current variable values

iter      chisq       delta/lim  lambda   a             b            
   0 1.3776291818e+01  0.00e+00 3.98e+00  5.000909e-01  3.000091e+00
   1 1.3776291288e+01 -3.85e-03 3.98e-01  5.000572e-01  3.000352e+00

After 1 iterations the fit converged.
final sum of squares of residuals : 13.7763
rel. change during last iteration : -3.84678e-008

degrees of freedom    (FIT_NDF)                        : 9
rms of residuals      (FIT_STDFIT) = sqrt(WSSR/ndf)    : 1.23721
variance of residuals (reduced chisquare) = WSSR/ndf   : 1.5307

Final set of parameters            Asymptotic Standard Error
=======================            ==========================
a               = 0.500057         +/- 0.118        (23.59%)
b               = 3.00035          +/- 1.125        (37.51%)

correlation matrix of the fit parameters:
                a      b      
a               1.000 
b              -0.943  1.000 


*******************************************************************************
Thu Dec 27 21:56:26 2018


FIT:    data read from './demo/data/Anscombe.csv' using 5:6
        format = x:z
        x range restricted to [0.00000 : 20.0000]
        #datapoints = 11
        residuals are weighted equally (unit weight)

function used for fitting: f(x)
	f(x) =a*x+b
fitted parameters initialized with current variable values

iter      chisq       delta/lim  lambda   a             b            
   0 1.3756212064e+01  0.00e+00 3.98e+00  5.000572e-01  3.000352e+00
   1 1.3756194982e+01 -1.24e-01 3.98e-01  4.998949e-01  3.000864e+00

After 1 iterations the fit converged.
final sum of squares of residuals : 13.7562
rel. change during last iteration : -1.24177e-006

degrees of freedom    (FIT_NDF)                        : 9
rms of residuals      (FIT_STDFIT) = sqrt(WSSR/ndf)    : 1.23631
variance of residuals (reduced chisquare) = WSSR/ndf   : 1.52847

Final set of parameters            Asymptotic Standard Error
=======================            ==========================
a               = 0.499895         +/- 0.1179       (23.58%)
b               = 3.00086          +/- 1.124        (37.47%)

correlation matrix of the fit parameters:
                a      b      
a               1.000 
b              -0.943  1.000 


*******************************************************************************
Thu Dec 27 21:56:26 2018


FIT:    data read from './demo/data/Anscombe.csv' using 7:8
        format = x:z
        x range restricted to [0.00000 : 20.0000]
        #datapoints = 11
        residuals are weighted equally (unit weight)

function used for fitting: f(x)
	f(x) =a*x+b
fitted parameters initialized with current variable values

iter      chisq       delta/lim  lambda   a            
   0 1.3742527888e+01  0.00e+00 4.77e+00  4.998949e-01
   1 1.3742493844e+01 -2.48e-01 4.77e-01  5.000645e-01

After 1 iterations the fit converged.
final sum of squares of residuals : 13.7425
rel. change during last iteration : -2.47722e-006

degrees of freedom    (FIT_NDF)                        : 10
rms of residuals      (FIT_STDFIT) = sqrt(WSSR/ndf)    : 1.17228
variance of residuals (reduced chisquare) = WSSR/ndf   : 1.37425

Final set of parameters            Asymptotic Standard Error
=======================            ==========================
a               = 0.500064         +/- 0.03705      (7.41%)


*******************************************************************************
Thu Dec 27 21:57:04 2018


FIT:    data read from './demo/data/Anscombe.csv' using 1:2
        format = x:z
        x range restricted to [0.00000 : 20.0000]
        #datapoints = 11
        residuals are weighted equally (unit weight)

function used for fitting: f(x)
	f(x) =a*x+b
fitted parameters initialized with current variable values

iter      chisq       delta/lim  lambda   a             b            
   0 1.0995270000e+02  0.00e+00 6.78e+00  1.000000e+00  1.000000e+00
   4 1.3762690000e+01 -3.88e-02 6.78e-04  5.000909e-01  3.000091e+00

After 4 iterations the fit converged.
final sum of squares of residuals : 13.7627
rel. change during last iteration : -3.88132e-007

degrees of freedom    (FIT_NDF)                        : 9
rms of residuals      (FIT_STDFIT) = sqrt(WSSR/ndf)    : 1.2366
variance of residuals (reduced chisquare) = WSSR/ndf   : 1.52919

Final set of parameters            Asymptotic Standard Error
=======================            ==========================
a               = 0.500091         +/- 0.1179       (23.58%)
b               = 3.00009          +/- 1.125        (37.49%)

correlation matrix of the fit parameters:
                a      b      
a               1.000 
b              -0.943  1.000 


*******************************************************************************
Thu Dec 27 21:57:04 2018


FIT:    data read from './demo/data/Anscombe.csv' using 3:4
        format = x:z
        x range restricted to [0.00000 : 20.0000]
        #datapoints = 11
        residuals are weighted equally (unit weight)

function used for fitting: f(x)
	f(x) =a*x+b
fitted parameters initialized with current variable values

iter      chisq       delta/lim  lambda   a             b            
   0 1.3776291818e+01  0.00e+00 3.98e+00  5.000909e-01  3.000091e+00
   1 1.3776291288e+01 -3.85e-03 3.98e-01  5.000572e-01  3.000352e+00

After 1 iterations the fit converged.
final sum of squares of residuals : 13.7763
rel. change during last iteration : -3.84678e-008

degrees of freedom    (FIT_NDF)                        : 9
rms of residuals      (FIT_STDFIT) = sqrt(WSSR/ndf)    : 1.23721
variance of residuals (reduced chisquare) = WSSR/ndf   : 1.5307

Final set of parameters            Asymptotic Standard Error
=======================            ==========================
a               = 0.500057         +/- 0.118        (23.59%)
b               = 3.00035          +/- 1.125        (37.51%)

correlation matrix of the fit parameters:
                a      b      
a               1.000 
b              -0.943  1.000 


*******************************************************************************
Thu Dec 27 21:57:04 2018


FIT:    data read from './demo/data/Anscombe.csv' using 5:6
        format = x:z
        x range restricted to [0.00000 : 20.0000]
        #datapoints = 11
        residuals are weighted equally (unit weight)

function used for fitting: f(x)
	f(x) =a*x+b
fitted parameters initialized with current variable values

iter      chisq       delta/lim  lambda   a             b            
   0 1.3756212064e+01  0.00e+00 3.98e+00  5.000572e-01  3.000352e+00
   1 1.3756194982e+01 -1.24e-01 3.98e-01  4.998949e-01  3.000864e+00

After 1 iterations the fit converged.
final sum of squares of residuals : 13.7562
rel. change during last iteration : -1.24177e-006

degrees of freedom    (FIT_NDF)                        : 9
rms of residuals      (FIT_STDFIT) = sqrt(WSSR/ndf)    : 1.23631
variance of residuals (reduced chisquare) = WSSR/ndf   : 1.52847

Final set of parameters            Asymptotic Standard Error
=======================            ==========================
a               = 0.499895         +/- 0.1179       (23.58%)
b               = 3.00086          +/- 1.124        (37.47%)

correlation matrix of the fit parameters:
                a      b      
a               1.000 
b              -0.943  1.000 


*******************************************************************************
Thu Dec 27 21:57:32 2018


FIT:    data read from './demo/data/Anscombe.csv' using 1:2
        format = x:z
        x range restricted to [0.00000 : 20.0000]
        #datapoints = 11
        residuals are weighted equally (unit weight)

function used for fitting: f(x)
	f(x) =a*x+b
fitted parameters initialized with current variable values

iter      chisq       delta/lim  lambda   a             b            
   0 1.0995270000e+02  0.00e+00 6.78e+00  1.000000e+00  1.000000e+00
   4 1.3762690000e+01 -3.88e-02 6.78e-04  5.000909e-01  3.000091e+00

After 4 iterations the fit converged.
final sum of squares of residuals : 13.7627
rel. change during last iteration : -3.88132e-007

degrees of freedom    (FIT_NDF)                        : 9
rms of residuals      (FIT_STDFIT) = sqrt(WSSR/ndf)    : 1.2366
variance of residuals (reduced chisquare) = WSSR/ndf   : 1.52919

Final set of parameters            Asymptotic Standard Error
=======================            ==========================
a               = 0.500091         +/- 0.1179       (23.58%)
b               = 3.00009          +/- 1.125        (37.49%)

correlation matrix of the fit parameters:
                a      b      
a               1.000 
b              -0.943  1.000 


*******************************************************************************
Thu Dec 27 21:57:32 2018


FIT:    data read from './demo/data/Anscombe.csv' using 3:4
        format = x:z
        x range restricted to [0.00000 : 20.0000]
        #datapoints = 11
        residuals are weighted equally (unit weight)

function used for fitting: f(x)
	f(x) =a*x+b
fitted parameters initialized with current variable values

iter      chisq       delta/lim  lambda   a             b            
   0 1.3776291818e+01  0.00e+00 3.98e+00  5.000909e-01  3.000091e+00
   1 1.3776291288e+01 -3.85e-03 3.98e-01  5.000572e-01  3.000352e+00

After 1 iterations the fit converged.
final sum of squares of residuals : 13.7763
rel. change during last iteration : -3.84678e-008

degrees of freedom    (FIT_NDF)                        : 9
rms of residuals      (FIT_STDFIT) = sqrt(WSSR/ndf)    : 1.23721
variance of residuals (reduced chisquare) = WSSR/ndf   : 1.5307

Final set of parameters            Asymptotic Standard Error
=======================            ==========================
a               = 0.500057         +/- 0.118        (23.59%)
b               = 3.00035          +/- 1.125        (37.51%)

correlation matrix of the fit parameters:
                a      b      
a               1.000 
b              -0.943  1.000 


*******************************************************************************
Thu Dec 27 21:57:32 2018


FIT:    data read from './demo/data/Anscombe.csv' using 5:6
        format = x:z
        x range restricted to [0.00000 : 20.0000]
        #datapoints = 11
        residuals are weighted equally (unit weight)

function used for fitting: f(x)
	f(x) =a*x+b
fitted parameters initialized with current variable values

iter      chisq       delta/lim  lambda   a             b            
   0 1.3756212064e+01  0.00e+00 3.98e+00  5.000572e-01  3.000352e+00
   1 1.3756194982e+01 -1.24e-01 3.98e-01  4.998949e-01  3.000864e+00

After 1 iterations the fit converged.
final sum of squares of residuals : 13.7562
rel. change during last iteration : -1.24177e-006

degrees of freedom    (FIT_NDF)                        : 9
rms of residuals      (FIT_STDFIT) = sqrt(WSSR/ndf)    : 1.23631
variance of residuals (reduced chisquare) = WSSR/ndf   : 1.52847

Final set of parameters            Asymptotic Standard Error
=======================            ==========================
a               = 0.499895         +/- 0.1179       (23.58%)
b               = 3.00086          +/- 1.124        (37.47%)

correlation matrix of the fit parameters:
                a      b      
a               1.000 
b              -0.943  1.000 


*******************************************************************************
Thu Dec 27 21:57:32 2018


FIT:    data read from './demo/data/Anscombe.csv' using 7:8
        format = x:z
        x range restricted to [0.00000 : 20.0000]
        #datapoints = 11
        residuals are weighted equally (unit weight)

function used for fitting: f(x)
	f(x) =a*x+b
fitted parameters initialized with current variable values

iter      chisq       delta/lim  lambda   a            
   0 1.3742527888e+01  0.00e+00 4.77e+00  4.998949e-01
   1 1.3742493844e+01 -2.48e-01 4.77e-01  5.000645e-01

After 1 iterations the fit converged.
final sum of squares of residuals : 13.7425
rel. change during last iteration : -2.47722e-006

degrees of freedom    (FIT_NDF)                        : 10
rms of residuals      (FIT_STDFIT) = sqrt(WSSR/ndf)    : 1.17228
variance of residuals (reduced chisquare) = WSSR/ndf   : 1.37425

Final set of parameters            Asymptotic Standard Error
=======================            ==========================
a               = 0.500064         +/- 0.03705      (7.41%)


*******************************************************************************
Thu Dec 27 21:58:58 2018


FIT:    data read from './demo/data/Anscombe.csv' using 1:2
        format = x:z
        x range restricted to [0.00000 : 20.0000]
        #datapoints = 11
        residuals are weighted equally (unit weight)

function used for fitting: f(x)
	f(x) =a*x+b
fitted parameters initialized with current variable values

iter      chisq       delta/lim  lambda   a             b            
   0 1.0995270000e+02  0.00e+00 6.78e+00  1.000000e+00  1.000000e+00
   4 1.3762690000e+01 -3.88e-02 6.78e-04  5.000909e-01  3.000091e+00

After 4 iterations the fit converged.
final sum of squares of residuals : 13.7627
rel. change during last iteration : -3.88132e-007

degrees of freedom    (FIT_NDF)                        : 9
rms of residuals      (FIT_STDFIT) = sqrt(WSSR/ndf)    : 1.2366
variance of residuals (reduced chisquare) = WSSR/ndf   : 1.52919

Final set of parameters            Asymptotic Standard Error
=======================            ==========================
a               = 0.500091         +/- 0.1179       (23.58%)
b               = 3.00009          +/- 1.125        (37.49%)

correlation matrix of the fit parameters:
                a      b      
a               1.000 
b              -0.943  1.000 


*******************************************************************************
Thu Dec 27 21:58:58 2018


FIT:    data read from './demo/data/Anscombe.csv' using 3:4
        format = x:z
        x range restricted to [0.00000 : 20.0000]
        #datapoints = 11
        residuals are weighted equally (unit weight)

function used for fitting: f(x)
	f(x) =a*x+b
fitted parameters initialized with current variable values

iter      chisq       delta/lim  lambda   a             b            
   0 1.3776291818e+01  0.00e+00 3.98e+00  5.000909e-01  3.000091e+00
   1 1.3776291288e+01 -3.85e-03 3.98e-01  5.000572e-01  3.000352e+00

After 1 iterations the fit converged.
final sum of squares of residuals : 13.7763
rel. change during last iteration : -3.84678e-008

degrees of freedom    (FIT_NDF)                        : 9
rms of residuals      (FIT_STDFIT) = sqrt(WSSR/ndf)    : 1.23721
variance of residuals (reduced chisquare) = WSSR/ndf   : 1.5307

Final set of parameters            Asymptotic Standard Error
=======================            ==========================
a               = 0.500057         +/- 0.118        (23.59%)
b               = 3.00035          +/- 1.125        (37.51%)

correlation matrix of the fit parameters:
                a      b      
a               1.000 
b              -0.943  1.000 


*******************************************************************************
Thu Dec 27 21:58:58 2018


FIT:    data read from './demo/data/Anscombe.csv' using 5:6
        format = x:z
        x range restricted to [0.00000 : 20.0000]
        #datapoints = 11
        residuals are weighted equally (unit weight)

function used for fitting: f(x)
	f(x) =a*x+b
fitted parameters initialized with current variable values

iter      chisq       delta/lim  lambda   a             b            
   0 1.3756212064e+01  0.00e+00 3.98e+00  5.000572e-01  3.000352e+00
   1 1.3756194982e+01 -1.24e-01 3.98e-01  4.998949e-01  3.000864e+00

After 1 iterations the fit converged.
final sum of squares of residuals : 13.7562
rel. change during last iteration : -1.24177e-006

degrees of freedom    (FIT_NDF)                        : 9
rms of residuals      (FIT_STDFIT) = sqrt(WSSR/ndf)    : 1.23631
variance of residuals (reduced chisquare) = WSSR/ndf   : 1.52847

Final set of parameters            Asymptotic Standard Error
=======================            ==========================
a               = 0.499895         +/- 0.1179       (23.58%)
b               = 3.00086          +/- 1.124        (37.47%)

correlation matrix of the fit parameters:
                a      b      
a               1.000 
b              -0.943  1.000 


*******************************************************************************
Thu Dec 27 21:58:58 2018


FIT:    data read from './demo/data/Anscombe.csv' using 7:8
        format = x:z
        x range restricted to [0.00000 : 20.0000]
        #datapoints = 11
        residuals are weighted equally (unit weight)

function used for fitting: f(x)
	f(x) =a*x+b
fitted parameters initialized with current variable values

iter      chisq       delta/lim  lambda   a            
   0 1.3742527888e+01  0.00e+00 4.77e+00  4.998949e-01
   1 1.3742493844e+01 -2.48e-01 4.77e-01  5.000645e-01

After 1 iterations the fit converged.
final sum of squares of residuals : 13.7425
rel. change during last iteration : -2.47722e-006

degrees of freedom    (FIT_NDF)                        : 10
rms of residuals      (FIT_STDFIT) = sqrt(WSSR/ndf)    : 1.17228
variance of residuals (reduced chisquare) = WSSR/ndf   : 1.37425

Final set of parameters            Asymptotic Standard Error
=======================            ==========================
a               = 0.500064         +/- 0.03705      (7.41%)
